# JRE version: OpenJDK Runtime Environment Temurin-11.0.15+10 (11.0.15+10) (build 11.0.15+10)
# Java VM: OpenJDK 64-Bit Server VM Temurin-11.0.15+10 (11.0.15+10, mixed mode, tiered, compressed oops, g1 gc, windows-amd64)
Heap:
 garbage-first heap   total 57344K, used 9535K [0x00000000e0000000, 0x0000000100000000)
  region size 1024K, 6 young (6144K), 1 survivors (1024K)
 Metaspace       used 14434K, capacity 14956K, committed 15104K, reserved 1067008K
  class space    used 1560K, capacity 1733K, committed 1792K, reserved 1048576K
GC Heap History (6 events):
Event: 1.872 GC heap before
{Heap before GC invocations=0 (full 0):
 garbage-first heap   total 57344K, used 13312K [0x00000000e0000000, 0x0000000100000000)
  region size 1024K, 14 young (14336K), 0 survivors (0K)
 Metaspace       used 11190K, capacity 11434K, committed 11520K, reserved 1058816K
  class space    used 1127K, capacity 1227K, committed 1280K, reserved 1048576K
}
Event: 1.881 GC heap after
{Heap after GC invocations=1 (full 0):
 garbage-first heap   total 57344K, used 5290K [0x00000000e0000000, 0x0000000100000000)
  region size 1024K, 2 young (2048K), 2 survivors (2048K)
 Metaspace       used 11190K, capacity 11434K, committed 11520K, reserved 1058816K
  class space    used 1127K, capacity 1227K, committed 1280K, reserved 1048576K
}
Event: 2.436 GC heap before
{Heap before GC invocations=1 (full 0):
 garbage-first heap   total 57344K, used 10410K [0x00000000e0000000, 0x0000000100000000)
  region size 1024K, 7 young (7168K), 2 survivors (2048K)
 Metaspace       used 12709K, capacity 13077K, committed 13312K, reserved 1060864K
  class space    used 1310K, capacity 1415K, committed 1536K, reserved 1048576K
}
Event: 2.442 GC heap after
{Heap after GC invocations=2 (full 0):
 garbage-first heap   total 57344K, used 5348K [0x00000000e0000000, 0x0000000100000000)
  region size 1024K, 1 young (1024K), 1 survivors (1024K)
 Metaspace       used 12709K, capacity 13077K, committed 13312K, reserved 1060864K
  class space    used 1310K, capacity 1415K, committed 1536K, reserved 1048576K
}
Event: 2.533 GC heap before
{Heap before GC invocations=2 (full 0):
 garbage-first heap   total 57344K, used 7396K [0x00000000e0000000, 0x0000000100000000)
  region size 1024K, 4 young (4096K), 1 survivors (1024K)
 Metaspace       used 13431K, capacity 13765K, committed 13824K, reserved 1067008K
  class space    used 1402K, capacity 1520K, committed 1536K, reserved 1048576K
}
Event: 2.535 GC heap after
{Heap after GC invocations=3 (full 0):
 garbage-first heap   total 57344K, used 5439K [0x00000000e0000000, 0x0000000100000000)
  region size 1024K, 1 young (1024K), 1 survivors (1024K)
 Metaspace       used 13431K, capacity 13765K, committed 13824K, reserved 1067008K
  class space    used 1402K, capacity 1520K, committed 1536K, reserved 1048576K
}

